<?xml version="1.0" encoding="UTF-8"?>
<!-- Generated by org.testng.reporters.JUnitReportReporter -->
<testsuite skipped="0" hostname="sucheta-K55VM" name="GoogleProject.TestLogin" tests="1" failures="0" timestamp="21 Sep 2017 01:35:43 GMT" time="15.496" errors="0">
  <testcase name="testLogin" time="15.496" classname="GoogleProject.TestLogin"/>
</testsuite> <!-- GoogleProject.TestLogin -->
