<?xml version="1.0" encoding="UTF-8"?>
<!-- Generated by org.testng.reporters.JUnitReportReporter -->
<testsuite skipped="1" hostname="sucheta-K55VM" name="testClasses.TestNG_EnableTimeout" tests="2" failures="0" timestamp="31 Aug 2017 19:58:30 GMT" time="0.210" errors="0">
  <testcase name="testMethod2" time="0.210" classname="testClasses.TestNG_EnableTimeout"/>
  <testcase name="testMethod1" classname="testClasses.TestNG_EnableTimeout">
    <skipped/>
  </testcase> <!-- testMethod1 -->
</testsuite> <!-- testClasses.TestNG_EnableTimeout -->
