<?xml version="1.0" encoding="UTF-8"?>
<!-- Generated by org.testng.reporters.JUnitReportReporter -->
<testsuite skipped="0" hostname="sucheta-K55VM" name="testClasses.TestNG_ParametersTest" tests="1" failures="0" timestamp="31 Aug 2017 23:15:54 GMT" time="0.007" errors="0">
  <testcase name="testMethod1" time="0.007" classname="testClasses.TestNG_ParametersTest"/>
</testsuite> <!-- testClasses.TestNG_ParametersTest -->
