<?xml version="1.0" encoding="UTF-8"?>
<!-- Generated by org.testng.reporters.JUnitReportReporter -->
<testsuite skipped="0" hostname="sucheta-K55VM" name="testClasses.TestNG_BeforeClassAnnotation" tests="2" failures="0" timestamp="13 Aug 2017 19:53:38 GMT" time="0.005" errors="0">
  <testcase name="testMethod2" time="0.001" classname="testClasses.TestNG_BeforeClassAnnotation"/>
  <testcase name="testMethod1" time="0.004" classname="testClasses.TestNG_BeforeClassAnnotation"/>
</testsuite> <!-- testClasses.TestNG_BeforeClassAnnotation -->
