<?xml version="1.0" encoding="UTF-8"?>
<!-- Generated by org.testng.reporters.JUnitReportReporter -->
<testsuite skipped="0" hostname="sucheta-K55VM" name="testClasses.TestAnnotation" tests="2" failures="0" timestamp="22 Aug 2017 18:26:28 GMT" time="0.010" errors="0">
  <testcase name="testMethod1" time="0.009" classname="testClasses.TestAnnotation"/>
  <testcase name="testMethod2" time="0.001" classname="testClasses.TestAnnotation"/>
</testsuite> <!-- testClasses.TestAnnotation -->
