<?xml version="1.0" encoding="UTF-8"?>
<!-- Generated by org.testng.reporters.JUnitReportReporter -->
<testsuite skipped="0" hostname="sucheta-K55VM" name="testClasses.TestNG_TestParallel1" tests="2" failures="0" timestamp="31 Aug 2017 23:54:56 GMT" time="12.016" errors="0">
  <testcase name="testMethod1" time="6.008" classname="testClasses.TestNG_TestParallel1"/>
  <testcase name="testMethod2" time="6.008" classname="testClasses.TestNG_TestParallel1"/>
</testsuite> <!-- testClasses.TestNG_TestParallel1 -->
