<?xml version="1.0" encoding="UTF-8"?>
<!-- Generated by org.testng.reporters.JUnitReportReporter -->
<testsuite skipped="0" hostname="sucheta-K55VM" name="testClasses.TestNG_Priority" tests="3" failures="0" timestamp="22 Aug 2017 19:20:22 GMT" time="0.006" errors="0">
  <testcase name="testMethod3" time="0.004" classname="testClasses.TestNG_Priority"/>
  <testcase name="testMethod2" time="0.001" classname="testClasses.TestNG_Priority"/>
  <testcase name="testMethod1" time="0.001" classname="testClasses.TestNG_Priority"/>
</testsuite> <!-- testClasses.TestNG_Priority -->
