<?xml version="1.0" encoding="UTF-8"?>
<!-- Generated by org.testng.reporters.JUnitReportReporter -->
<testsuite skipped="0" hostname="sucheta-K55VM" name="testClasses.TestNG_TestParallel2" tests="2" failures="0" timestamp="31 Aug 2017 23:54:56 GMT" time="12.006" errors="0">
  <testcase name="testMethod1" time="6.004" classname="testClasses.TestNG_TestParallel2"/>
  <testcase name="testMethod2" time="6.002" classname="testClasses.TestNG_TestParallel2"/>
</testsuite> <!-- testClasses.TestNG_TestParallel2 -->
