<?xml version="1.0" encoding="UTF-8"?>
<!-- Generated by org.testng.reporters.JUnitReportReporter -->
<testsuite skipped="0" hostname="sucheta-K55VM" name="testClasses.TestNG_DataProviders" tests="3" failures="0" timestamp="04 Sep 2017 18:13:05 GMT" time="0.013" errors="0">
  <testcase name="testMethod1" time="0.002" classname="testClasses.TestNG_DataProviders"/>
  <testcase name="testMethod1" time="0.001" classname="testClasses.TestNG_DataProviders"/>
  <testcase name="testMethod1" time="0.010" classname="testClasses.TestNG_DataProviders"/>
</testsuite> <!-- testClasses.TestNG_DataProviders -->
