<?xml version="1.0" encoding="UTF-8"?>
<!-- Generated by org.testng.reporters.JUnitReportReporter -->
<testsuite skipped="0" hostname="sucheta-K55VM" name="regressionSuite.TestNG_TestClass1" tests="2" failures="0" timestamp="22 Aug 2017 19:05:46 GMT" time="0.006" errors="0">
  <testcase name="testMethod2" time="0.001" classname="regressionSuite.TestNG_TestClass1"/>
  <testcase name="testMethod1" time="0.005" classname="regressionSuite.TestNG_TestClass1"/>
</testsuite> <!-- regressionSuite.TestNG_TestClass1 -->
