<?xml version="1.0" encoding="UTF-8"?>
<!-- Generated by org.testng.reporters.JUnitReportReporter -->
<testsuite skipped="0" hostname="sucheta-K55VM" name="regressionSuite.TestNG_TestClass2" tests="2" failures="0" timestamp="22 Aug 2017 19:05:46 GMT" time="0.004" errors="0">
  <testcase name="testMethod2" time="0.003" classname="regressionSuite.TestNG_TestClass2"/>
  <testcase name="testMethod1" time="0.001" classname="regressionSuite.TestNG_TestClass2"/>
</testsuite> <!-- regressionSuite.TestNG_TestClass2 -->
