<?xml version="1.0" encoding="UTF-8"?>
<!-- Generated by org.testng.reporters.JUnitReportReporter -->
<testsuite skipped="0" hostname="sucheta-K55VM" name="testClasses.TestNG_TestClass1" tests="2" failures="0" timestamp="13 Aug 2017 22:57:17 GMT" time="0.007" errors="0">
  <testcase name="testMethod2" time="0.002" classname="testClasses.TestNG_TestClass1"/>
  <testcase name="testMethod1" time="0.005" classname="testClasses.TestNG_TestClass1"/>
</testsuite> <!-- testClasses.TestNG_TestClass1 -->
