<?xml version="1.0" encoding="UTF-8"?>
<!-- Generated by org.testng.reporters.JUnitReportReporter -->
<testsuite skipped="0" hostname="sucheta-K55VM" name="testClasses.TestNG_Grouping" tests="2" failures="0" timestamp="22 Aug 2017 22:51:28 GMT" time="0.006" errors="0">
  <testcase name="testBMWA6" time="0.002" classname="testClasses.TestNG_Grouping"/>
  <testcase name="testAudiA6" time="0.004" classname="testClasses.TestNG_Grouping"/>
</testsuite> <!-- testClasses.TestNG_Grouping -->
